<?xml version="1.0" encoding="UTF-8"?>
<!-- Generated by org.testng.reporters.JUnitReportReporter -->
<testsuite hostname="MSHOME" name="com.example.tests.ContactRemovalTests" tests="1" failures="0" timestamp="13 Sep 2015 12:12:54 GMT" time="10.176" errors="0">
  <testcase name="deleteSomeContact" time="10.176" classname="com.example.tests.ContactRemovalTests"/>
</testsuite> <!-- com.example.tests.ContactRemovalTests -->
