<?xml version="1.0" encoding="UTF-8"?>
<!-- Generated by org.testng.reporters.JUnitReportReporter -->
<testsuite hostname="MSHOME" name="com.example.tests.ContactRemovalTests" tests="1" failures="0" timestamp="16 Jul 2015 16:04:02 GMT" time="4.930" errors="0">
  <testcase name="deleteSomeContact" time="4.930" classname="com.example.tests.ContactRemovalTests"/>
</testsuite> <!-- com.example.tests.ContactRemovalTests -->
