<?xml version="1.0" encoding="UTF-8"?>
<!-- Generated by org.testng.reporters.JUnitReportReporter -->
<testsuite hostname="MSHOME" name="com.example.tests.GroupRemovalTest" tests="1" failures="0" timestamp="7 Sep 2015 20:33:53 GMT" time="36.265" errors="0">
  <testcase name="deleteSomeGroup" time="36.265" classname="com.example.tests.GroupRemovalTest"/>
</testsuite> <!-- com.example.tests.GroupRemovalTest -->
