<?xml version="1.0" encoding="UTF-8"?>
<!-- Generated by org.testng.reporters.JUnitReportReporter -->
<testsuite hostname="MSHOME" name="com.example.tests.GroupCreationTest" tests="3" failures="0" timestamp="23 Jul 2015 17:49:24 GMT" time="10.962" errors="0">
  <testcase name="testGroupCreationWithValidData" time="2.230" classname="com.example.tests.GroupCreationTest"/>
  <testcase name="testGroupCreationWithValidData" time="2.120" classname="com.example.tests.GroupCreationTest"/>
  <testcase name="testGroupCreationWithValidData" time="6.612" classname="com.example.tests.GroupCreationTest"/>
</testsuite> <!-- com.example.tests.GroupCreationTest -->
