<?xml version="1.0" encoding="UTF-8"?>
<!-- Generated by org.testng.reporters.JUnitReportReporter -->
<testsuite hostname="MSHOME" name="com.example.tests.ContactCreationTest" tests="2" failures="0" timestamp="31 Jul 2015 18:24:13 GMT" time="119.040" errors="0">
  <testcase name="createSomeContactTests" time="77.749" classname="com.example.tests.ContactCreationTest"/>
  <testcase name="createSomeContactTests" time="41.291" classname="com.example.tests.ContactCreationTest"/>
</testsuite> <!-- com.example.tests.ContactCreationTest -->
