<?xml version="1.0" encoding="UTF-8"?>
<!-- Generated by org.testng.reporters.JUnitReportReporter -->
<testsuite hostname="MSHOME" name="com.example.tests.ContactCreationTest" tests="2" failures="0" timestamp="13 Sep 2015 12:09:42 GMT" time="21.681" errors="0">
  <testcase name="createSomeContactTests" time="11.365" classname="com.example.tests.ContactCreationTest"/>
  <testcase name="createSomeContactTests" time="10.316" classname="com.example.tests.ContactCreationTest"/>
</testsuite> <!-- com.example.tests.ContactCreationTest -->
