<?xml version="1.0" encoding="UTF-8"?>
<!-- Generated by org.testng.reporters.JUnitReportReporter -->
<testsuite hostname="MSHOME" name="com.example.tests.ContactModificationTests" tests="5" failures="0" timestamp="20 Jul 2015 20:55:23 GMT" time="67.941" errors="0">
  <testcase name="modifySomeContact" time="13.180" classname="com.example.tests.ContactModificationTests"/>
  <testcase name="modifySomeContact" time="11.630" classname="com.example.tests.ContactModificationTests"/>
  <testcase name="modifySomeContact" time="24.171" classname="com.example.tests.ContactModificationTests"/>
  <testcase name="modifySomeContact" time="8.840" classname="com.example.tests.ContactModificationTests"/>
  <testcase name="modifySomeContact" time="10.120" classname="com.example.tests.ContactModificationTests"/>
</testsuite> <!-- com.example.tests.ContactModificationTests -->
