<?xml version="1.0" encoding="UTF-8"?>
<!-- Generated by org.testng.reporters.JUnitReportReporter -->
<testsuite hostname="MSHOME" name="com.example.tests.GroupModificationTests" tests="5" failures="0" timestamp="7 Sep 2015 20:29:24 GMT" time="22.575" errors="0">
  <testcase name="modifySomeGroup" time="3.744" classname="com.example.tests.GroupModificationTests"/>
  <testcase name="modifySomeGroup" time="3.619" classname="com.example.tests.GroupModificationTests"/>
  <testcase name="modifySomeGroup" time="7.911" classname="com.example.tests.GroupModificationTests"/>
  <testcase name="modifySomeGroup" time="3.588" classname="com.example.tests.GroupModificationTests"/>
  <testcase name="modifySomeGroup" time="3.713" classname="com.example.tests.GroupModificationTests"/>
</testsuite> <!-- com.example.tests.GroupModificationTests -->
