<?xml version="1.0" encoding="UTF-8"?>
<!-- Generated by org.testng.reporters.JUnitReportReporter -->
<testsuite hostname="MSHOME" name="com.example.tests.ContactCreationTest" tests="5" failures="0" timestamp="24 Jul 2015 20:55:43 GMT" time="63.939" errors="0">
  <testcase name="createSomeContactTests" time="19.041" classname="com.example.tests.ContactCreationTest"/>
  <testcase name="createSomeContactTests" time="13.010" classname="com.example.tests.ContactCreationTest"/>
  <testcase name="createSomeContactTests" time="10.300" classname="com.example.tests.ContactCreationTest"/>
  <testcase name="createSomeContactTests" time="10.230" classname="com.example.tests.ContactCreationTest"/>
  <testcase name="createSomeContactTests" time="11.358" classname="com.example.tests.ContactCreationTest"/>
</testsuite> <!-- com.example.tests.ContactCreationTest -->
