<?xml version="1.0" encoding="UTF-8"?>
<!-- Generated by org.testng.reporters.JUnitReportReporter -->
<testsuite hostname="MSHOME" name="com.example.tests.ContactCreationTest" tests="5" failures="0" timestamp="16 Jul 2015 16:08:31 GMT" time="34.969" errors="0">
  <testcase name="createSomeContactTests" time="7.626" classname="com.example.tests.ContactCreationTest"/>
  <testcase name="createSomeContactTests" time="5.331" classname="com.example.tests.ContactCreationTest"/>
  <testcase name="createSomeContactTests" time="7.039" classname="com.example.tests.ContactCreationTest"/>
  <testcase name="createSomeContactTests" time="7.221" classname="com.example.tests.ContactCreationTest"/>
  <testcase name="createSomeContactTests" time="7.752" classname="com.example.tests.ContactCreationTest"/>
</testsuite> <!-- com.example.tests.ContactCreationTest -->
