<?xml version="1.0" encoding="UTF-8"?>
<!-- Generated by org.testng.reporters.JUnitReportReporter -->
<testsuite hostname="MSHOME" name="com.example.tests.ContactModificationTests" tests="5" failures="0" timestamp="16 Jul 2015 16:09:50 GMT" time="40.759" errors="0">
  <testcase name="modifySomeContact" time="7.731" classname="com.example.tests.ContactModificationTests"/>
  <testcase name="modifySomeContact" time="9.309" classname="com.example.tests.ContactModificationTests"/>
  <testcase name="modifySomeContact" time="9.562" classname="com.example.tests.ContactModificationTests"/>
  <testcase name="modifySomeContact" time="8.648" classname="com.example.tests.ContactModificationTests"/>
  <testcase name="modifySomeContact" time="5.509" classname="com.example.tests.ContactModificationTests"/>
</testsuite> <!-- com.example.tests.ContactModificationTests -->
