<?xml version="1.0" encoding="UTF-8"?>
<!-- Generated by org.testng.reporters.JUnitReportReporter -->
<testsuite hostname="MSHOME" name="com.example.tests.ContactCreationTest" tests="5" failures="0" timestamp="20 Jul 2015 20:03:30 GMT" time="48.508" errors="0">
  <testcase name="createSomeContactTests" time="8.600" classname="com.example.tests.ContactCreationTest"/>
  <testcase name="createSomeContactTests" time="8.282" classname="com.example.tests.ContactCreationTest"/>
  <testcase name="createSomeContactTests" time="14.585" classname="com.example.tests.ContactCreationTest"/>
  <testcase name="createSomeContactTests" time="8.431" classname="com.example.tests.ContactCreationTest"/>
  <testcase name="createSomeContactTests" time="8.610" classname="com.example.tests.ContactCreationTest"/>
</testsuite> <!-- com.example.tests.ContactCreationTest -->
