<?xml version="1.0" encoding="UTF-8"?>
<!-- Generated by org.testng.reporters.JUnitReportReporter -->
<testsuite hostname="MSHOME" name="com.example.tests.GroupRemovalTest" tests="1" failures="0" timestamp="18 Jul 2015 18:00:39 GMT" time="7.220" errors="0">
  <testcase name="deleteSomeGroup" time="7.220" classname="com.example.tests.GroupRemovalTest"/>
</testsuite> <!-- com.example.tests.GroupRemovalTest -->
