<?xml version="1.0" encoding="UTF-8"?>
<!-- Generated by org.testng.reporters.JUnitReportReporter -->
<testsuite hostname="MSHOME" name="com.example.tests.ContactCreationTest" tests="5" failures="0" timestamp="2 Sep 2015 19:47:32 GMT" time="68.551" errors="0">
  <testcase name="createSomeContactTests" time="2.740" classname="com.example.tests.ContactCreationTest"/>
  <testcase name="createSomeContactTests" time="2.687" classname="com.example.tests.ContactCreationTest"/>
  <testcase name="createSomeContactTests" time="57.213" classname="com.example.tests.ContactCreationTest"/>
  <testcase name="createSomeContactTests" time="2.790" classname="com.example.tests.ContactCreationTest"/>
  <testcase name="createSomeContactTests" time="3.121" classname="com.example.tests.ContactCreationTest"/>
</testsuite> <!-- com.example.tests.ContactCreationTest -->
