<?xml version="1.0" encoding="UTF-8"?>
<!-- Generated by org.testng.reporters.JUnitReportReporter -->
<testsuite hostname="MSHOME" name="com.example.tests.GroupModificationTests" tests="5" failures="0" timestamp="19 Jul 2015 18:09:26 GMT" time="13.810" errors="0">
  <testcase name="modifySomeGroup" time="4.850" classname="com.example.tests.GroupModificationTests"/>
  <testcase name="modifySomeGroup" time="2.400" classname="com.example.tests.GroupModificationTests"/>
  <testcase name="modifySomeGroup" time="2.170" classname="com.example.tests.GroupModificationTests"/>
  <testcase name="modifySomeGroup" time="2.230" classname="com.example.tests.GroupModificationTests"/>
  <testcase name="modifySomeGroup" time="2.160" classname="com.example.tests.GroupModificationTests"/>
</testsuite> <!-- com.example.tests.GroupModificationTests -->
