<?xml version="1.0" encoding="UTF-8"?>
<!-- Generated by org.testng.reporters.JUnitReportReporter -->
<testsuite hostname="MSHOME" name="com.example.tests.ContactRemovalTests" tests="1" failures="0" timestamp="20 Jul 2015 19:59:19 GMT" time="13.050" errors="0">
  <testcase name="deleteSomeContact" time="13.050" classname="com.example.tests.ContactRemovalTests"/>
</testsuite> <!-- com.example.tests.ContactRemovalTests -->
