<?xml version="1.0" encoding="UTF-8"?>
<!-- Generated by org.testng.reporters.JUnitReportReporter -->
<testsuite hostname="MSHOME" name="com.example.tests.GroupCreationTest" tests="5" failures="0" timestamp="18 Jul 2015 17:57:57 GMT" time="35.960" errors="0">
  <testcase name="testGroupCreationWithValidData" time="3.820" classname="com.example.tests.GroupCreationTest"/>
  <testcase name="testGroupCreationWithValidData" time="12.939" classname="com.example.tests.GroupCreationTest"/>
  <testcase name="testGroupCreationWithValidData" time="4.340" classname="com.example.tests.GroupCreationTest"/>
  <testcase name="testGroupCreationWithValidData" time="5.120" classname="com.example.tests.GroupCreationTest"/>
  <testcase name="testGroupCreationWithValidData" time="9.741" classname="com.example.tests.GroupCreationTest"/>
</testsuite> <!-- com.example.tests.GroupCreationTest -->
