<?xml version="1.0" encoding="UTF-8"?>
<!-- Generated by org.testng.reporters.JUnitReportReporter -->
<testsuite hostname="MSHOME" name="com.example.tests.GroupModificationTests" tests="5" failures="0" timestamp="12 Jul 2015 11:25:59 GMT" time="19.598" errors="0">
  <testcase name="modifySomeGroup" time="4.243" classname="com.example.tests.GroupModificationTests"/>
  <testcase name="modifySomeGroup" time="4.745" classname="com.example.tests.GroupModificationTests"/>
  <testcase name="modifySomeGroup" time="3.240" classname="com.example.tests.GroupModificationTests"/>
  <testcase name="modifySomeGroup" time="3.210" classname="com.example.tests.GroupModificationTests"/>
  <testcase name="modifySomeGroup" time="4.160" classname="com.example.tests.GroupModificationTests"/>
</testsuite> <!-- com.example.tests.GroupModificationTests -->
