<?xml version="1.0" encoding="UTF-8"?>
<!-- Generated by org.testng.reporters.JUnitReportReporter -->
<testsuite hostname="MSHOME" name="com.example.tests.GroupModificationTests" tests="5" failures="0" timestamp="18 Jul 2015 17:59:09 GMT" time="27.293" errors="0">
  <testcase name="modifySomeGroup" time="4.310" classname="com.example.tests.GroupModificationTests"/>
  <testcase name="modifySomeGroup" time="4.330" classname="com.example.tests.GroupModificationTests"/>
  <testcase name="modifySomeGroup" time="2.760" classname="com.example.tests.GroupModificationTests"/>
  <testcase name="modifySomeGroup" time="10.903" classname="com.example.tests.GroupModificationTests"/>
  <testcase name="modifySomeGroup" time="4.990" classname="com.example.tests.GroupModificationTests"/>
</testsuite> <!-- com.example.tests.GroupModificationTests -->
