<?xml version="1.0" encoding="UTF-8"?>
<!-- Generated by org.testng.reporters.JUnitReportReporter -->
<testsuite hostname="MSHOME" name="com.example.tests.GroupRemovalTest" tests="1" failures="0" timestamp="15 Jul 2015 21:07:10 GMT" time="3.832" errors="0">
  <testcase name="deleteSomeGroup" time="3.832" classname="com.example.tests.GroupRemovalTest"/>
</testsuite> <!-- com.example.tests.GroupRemovalTest -->
