<?xml version="1.0" encoding="UTF-8"?>
<!-- Generated by org.testng.reporters.JUnitReportReporter -->
<testsuite hostname="MSHOME" name="com.example.tests.ContactModificationTests" tests="5" failures="0" timestamp="7 Sep 2015 18:07:03 GMT" time="59.940" errors="0">
  <testcase name="modifySomeContact" time="10.414" classname="com.example.tests.ContactModificationTests"/>
  <testcase name="modifySomeContact" time="18.279" classname="com.example.tests.ContactModificationTests"/>
  <testcase name="modifySomeContact" time="10.296" classname="com.example.tests.ContactModificationTests"/>
  <testcase name="modifySomeContact" time="10.499" classname="com.example.tests.ContactModificationTests"/>
  <testcase name="modifySomeContact" time="10.452" classname="com.example.tests.ContactModificationTests"/>
</testsuite> <!-- com.example.tests.ContactModificationTests -->
