<?xml version="1.0" encoding="UTF-8"?>
<!-- Generated by org.testng.reporters.JUnitReportReporter -->
<testsuite hostname="MSHOME" name="com.example.tests.GroupCreationTest" tests="5" failures="0" timestamp="20 Jul 2015 20:32:03 GMT" time="13.966" errors="0">
  <testcase name="testGroupCreationWithValidData" time="5.276" classname="com.example.tests.GroupCreationTest"/>
  <testcase name="testGroupCreationWithValidData" time="2.120" classname="com.example.tests.GroupCreationTest"/>
  <testcase name="testGroupCreationWithValidData" time="2.280" classname="com.example.tests.GroupCreationTest"/>
  <testcase name="testGroupCreationWithValidData" time="2.240" classname="com.example.tests.GroupCreationTest"/>
  <testcase name="testGroupCreationWithValidData" time="2.050" classname="com.example.tests.GroupCreationTest"/>
</testsuite> <!-- com.example.tests.GroupCreationTest -->
