<?xml version="1.0" encoding="UTF-8"?>
<!-- Generated by org.testng.reporters.JUnitReportReporter -->
<testsuite hostname="MSHOME" name="com.example.tests.ContactModificationTests" tests="5" failures="0" timestamp="13 Sep 2015 12:12:29 GMT" time="70.686" errors="0">
  <testcase name="modifySomeContact" time="13.354" classname="com.example.tests.ContactModificationTests"/>
  <testcase name="modifySomeContact" time="17.302" classname="com.example.tests.ContactModificationTests"/>
  <testcase name="modifySomeContact" time="12.932" classname="com.example.tests.ContactModificationTests"/>
  <testcase name="modifySomeContact" time="13.463" classname="com.example.tests.ContactModificationTests"/>
  <testcase name="modifySomeContact" time="13.635" classname="com.example.tests.ContactModificationTests"/>
</testsuite> <!-- com.example.tests.ContactModificationTests -->
